22:29:56 **** Incremental Build of configuration Debug for project aaaaaaaaaaaaaaaaaaaaaaaaaaaaaaaaaaaaaaaaa ****
make all 
Invoking: Print Size
avr-size --format=avr --mcu=atmega32 aaaaaaaaaaaaaaaaaaaaaaaaaaaaaaaaaaaaaaaaa.elf
AVR Memory Usage
----------------
Device: atmega32

Program:    4288 bytes (13.1% Full)
(.text + .data + .bootloader)

Data:         10 bytes (0.5% Full)
(.data + .bss + .noinit)


Finished building: sizedummy
 
22:30:25 **** Incremental Build of configuration Debug for project USART_Laptop_Communication ****
make all 
Building file: ../MCAL/USART/USART_program.c
Invoking: AVR Compiler
avr-gcc -Wall -g2 -gstabs -O0 -fpack-struct -fshort-enums -ffunction-sections -fdata-sections -std=gnu99 -funsigned-char -funsigned-bitfields -mmcu=atmega32 -DF_CPU=8000000UL -MMD -MP -MF"MCAL/USART/USART_program.d" -MT"MCAL/USART/USART_program.o" -c -o "MCAL/USART/USART_program.o" "../MCAL/USART/USART_program.c"
Finished building: ../MCAL/USART/USART_program.c
 
Building target: USART_Laptop_Communication.elf
Invoking: AVR C Linker
avr-gcc -Wl,-Map,USART_Laptop_Communication.map -mmcu=atmega32 -o "USART_Laptop_Communication.elf"  ./MCAL/USART/USART_program.o  ./MCAL/GIE/GIE_program.o  ./MCAL/EXTI/EXTI_program.o  ./MCAL/DIO/DIO_program.o  ./HAL/LCD/LCD_program.o  ./HAL/KPD/KPD_program.o  ./APP/main.o   
Finished building target: USART_Laptop_Communication.elf
 
Invoking: AVR Create Extended Listing
avr-objdump -h -S USART_Laptop_Communication.elf  >"USART_Laptop_Communication.lss"
Finished building: USART_Laptop_Communication.lss
 
Create Flash image (ihex format)
avr-objcopy -R .eeprom -R .fuse -R .lock -R .signature -O ihex USART_Laptop_Communication.elf  "USART_Laptop_Communication.hex"
Finished building: USART_Laptop_Communication.hex
 
Invoking: Print Size
avr-size --format=avr --mcu=atmega32 USART_Laptop_Communication.elf
AVR Memory Usage
----------------
Device: atmega32

Program:    8770 bytes (26.8% Full)
(.text + .data + .bootloader)

Data:         26 bytes (1.3% Full)
(.data + .bss + .noinit)


Finished building: sizedummy
 
22:30:26 **** Incremental Build of configuration Debug for project aaaaaaaaaaaaaaaaaaaaaaaaaaaaaaaaaaaaaaaaa ****
make all 
Invoking: Print Size
avr-size --format=avr --mcu=atmega32 aaaaaaaaaaaaaaaaaaaaaaaaaaaaaaaaaaaaaaaaa.elf
AVR Memory Usage
----------------
Device: atmega32

Program:    4288 bytes (13.1% Full)
(.text + .data + .bootloader)

Data:         10 bytes (0.5% Full)
(.data + .bss + .noinit)


Finished building: sizedummy
 
22:31:18 **** Incremental Build of configuration Debug for project USART_Laptop_Communication ****
make all 
Building file: ../MCAL/USART/USART_program.c
Invoking: AVR Compiler
avr-gcc -Wall -g2 -gstabs -O0 -fpack-struct -fshort-enums -ffunction-sections -fdata-sections -std=gnu99 -funsigned-char -funsigned-bitfields -mmcu=atmega32 -DF_CPU=8000000UL -MMD -MP -MF"MCAL/USART/USART_program.d" -MT"MCAL/USART/USART_program.o" -c -o "MCAL/USART/USART_program.o" "../MCAL/USART/USART_program.c"
Finished building: ../MCAL/USART/USART_program.c
 
Building target: USART_Laptop_Communication.elf
Invoking: AVR C Linker
avr-gcc -Wl,-Map,USART_Laptop_Communication.map -mmcu=atmega32 -o "USART_Laptop_Communication.elf"  ./MCAL/USART/USART_program.o  ./MCAL/GIE/GIE_program.o  ./MCAL/EXTI/EXTI_program.o  ./MCAL/DIO/DIO_program.o  ./HAL/LCD/LCD_program.o  ./HAL/KPD/KPD_program.o  ./APP/main.o   
Finished building target: USART_Laptop_Communication.elf
 
Invoking: AVR Create Extended Listing
avr-objdump -h -S USART_Laptop_Communication.elf  >"USART_Laptop_Communication.lss"
Finished building: USART_Laptop_Communication.lss
 
Create Flash image (ihex format)
avr-objcopy -R .eeprom -R .fuse -R .lock -R .signature -O ihex USART_Laptop_Communication.elf  "USART_Laptop_Communication.hex"
Finished building: USART_Laptop_Communication.hex
 
Invoking: Print Size
avr-size --format=avr --mcu=atmega32 USART_Laptop_Communication.elf
AVR Memory Usage
----------------
Device: atmega32

Program:    8882 bytes (27.1% Full)
(.text + .data + .bootloader)

Data:         26 bytes (1.3% Full)
(.data + .bss + .noinit)


Finished building: sizedummy
 
22:31:20 **** Incremental Build of configuration Debug for project aaaaaaaaaaaaaaaaaaaaaaaaaaaaaaaaaaaaaaaaa ****
make all 
Invoking: Print Size
avr-size --format=avr --mcu=atmega32 aaaaaaaaaaaaaaaaaaaaaaaaaaaaaaaaaaaaaaaaa.elf
AVR Memory Usage
----------------
Device: atmega32

Program:    4288 bytes (13.1% Full)
(.text + .data + .bootloader)

Data:         10 bytes (0.5% Full)
(.data + .bss + .noinit)


Finished building: sizedummy
 
22:31:24 **** Incremental Build of configuration Debug for project USART_Laptop_Communication ****
make all 
Building file: ../MCAL/USART/USART_program.c
Invoking: AVR Compiler
avr-gcc -Wall -g2 -gstabs -O0 -fpack-struct -fshort-enums -ffunction-sections -fdata-sections -std=gnu99 -funsigned-char -funsigned-bitfields -mmcu=atmega32 -DF_CPU=8000000UL -MMD -MP -MF"MCAL/USART/USART_program.d" -MT"MCAL/USART/USART_program.o" -c -o "MCAL/USART/USART_program.o" "../MCAL/USART/USART_program.c"
Finished building: ../MCAL/USART/USART_program.c
 
Building target: USART_Laptop_Communication.elf
Invoking: AVR C Linker
avr-gcc -Wl,-Map,USART_Laptop_Communication.map -mmcu=atmega32 -o "USART_Laptop_Communication.elf"  ./MCAL/USART/USART_program.o  ./MCAL/GIE/GIE_program.o  ./MCAL/EXTI/EXTI_program.o  ./MCAL/DIO/DIO_program.o  ./HAL/LCD/LCD_program.o  ./HAL/KPD/KPD_program.o  ./APP/main.o   
Finished building target: USART_Laptop_Communication.elf
 
Invoking: AVR Create Extended Listing
avr-objdump -h -S USART_Laptop_Communication.elf  >"USART_Laptop_Communication.lss"
Finished building: USART_Laptop_Communication.lss
 
Create Flash image (ihex format)
avr-objcopy -R .eeprom -R .fuse -R .lock -R .signature -O ihex USART_Laptop_Communication.elf  "USART_Laptop_Communication.hex"
Finished building: USART_Laptop_Communication.hex
 
Invoking: Print Size
avr-size --format=avr --mcu=atmega32 USART_Laptop_Communication.elf
AVR Memory Usage
----------------
Device: atmega32

Program:    8882 bytes (27.1% Full)
(.text + .data + .bootloader)

Data:         26 bytes (1.3% Full)
(.data + .bss + .noinit)


Finished building: sizedummy
 
22:31:26 **** Incremental Build of configuration Debug for project aaaaaaaaaaaaaaaaaaaaaaaaaaaaaaaaaaaaaaaaa ****
make all 
Invoking: Print Size
avr-size --format=avr --mcu=atmega32 aaaaaaaaaaaaaaaaaaaaaaaaaaaaaaaaaaaaaaaaa.elf
AVR Memory Usage
----------------
Device: atmega32

Program:    4288 bytes (13.1% Full)
(.text + .data + .bootloader)

Data:         10 bytes (0.5% Full)
(.data + .bss + .noinit)


Finished building: sizedummy
 
22:31:50 **** Incremental Build of configuration Debug for project USART_Laptop_Communication ****
make all 
Building file: ../MCAL/USART/USART_program.c
Invoking: AVR Compiler
avr-gcc -Wall -g2 -gstabs -O0 -fpack-struct -fshort-enums -ffunction-sections -fdata-sections -std=gnu99 -funsigned-char -funsigned-bitfields -mmcu=atmega32 -DF_CPU=8000000UL -MMD -MP -MF"MCAL/USART/USART_program.d" -MT"MCAL/USART/USART_program.o" -c -o "MCAL/USART/USART_program.o" "../MCAL/USART/USART_program.c"
Finished building: ../MCAL/USART/USART_program.c
 
Building target: USART_Laptop_Communication.elf
Invoking: AVR C Linker
avr-gcc -Wl,-Map,USART_Laptop_Communication.map -mmcu=atmega32 -o "USART_Laptop_Communication.elf"  ./MCAL/USART/USART_program.o  ./MCAL/GIE/GIE_program.o  ./MCAL/EXTI/EXTI_program.o  ./MCAL/DIO/DIO_program.o  ./HAL/LCD/LCD_program.o  ./HAL/KPD/KPD_program.o  ./APP/main.o   
Finished building target: USART_Laptop_Communication.elf
 
Invoking: AVR Create Extended Listing
avr-objdump -h -S USART_Laptop_Communication.elf  >"USART_Laptop_Communication.lss"
Finished building: USART_Laptop_Communication.lss
 
Create Flash image (ihex format)
avr-objcopy -R .eeprom -R .fuse -R .lock -R .signature -O ihex USART_Laptop_Communication.elf  "USART_Laptop_Communication.hex"
Finished building: USART_Laptop_Communication.hex
 
Invoking: Print Size
avr-size --format=avr --mcu=atmega32 USART_Laptop_Communication.elf
AVR Memory Usage
----------------
Device: atmega32

Program:    8770 bytes (26.8% Full)
(.text + .data + .bootloader)

Data:         26 bytes (1.3% Full)
(.data + .bss + .noinit)


Finished building: sizedummy
 
22:31:51 **** Incremental Build of configuration Debug for project aaaaaaaaaaaaaaaaaaaaaaaaaaaaaaaaaaaaaaaaa ****
make all 
Invoking: Print Size
avr-size --format=avr --mcu=atmega32 aaaaaaaaaaaaaaaaaaaaaaaaaaaaaaaaaaaaaaaaa.elf
AVR Memory Usage
----------------
Device: atmega32

Program:    4288 bytes (13.1% Full)
(.text + .data + .bootloader)

Data:         10 bytes (0.5% Full)
(.data + .bss + .noinit)


Finished building: sizedummy
 
22:32:16 **** Incremental Build of configuration Debug for project USART_Laptop_Communication ****
make all 
Building file: ../APP/main.c
Invoking: AVR Compiler
avr-gcc -Wall -g2 -gstabs -O0 -fpack-struct -fshort-enums -ffunction-sections -fdata-sections -std=gnu99 -funsigned-char -funsigned-bitfields -mmcu=atmega32 -DF_CPU=8000000UL -MMD -MP -MF"APP/main.d" -MT"APP/main.o" -c -o "APP/main.o" "../APP/main.c"
In file included from ../APP/main.c:9:
d:/embedded systems/imt/imt_arm_data/02- tools/03- imt sdk/imt_sdk_win_64/imt_sdk_win_64/winavr/lib/gcc/../../avr/include/util/delay.h:90:3: warning: #warning "Compiler optimizations disabled; functions from <util/delay.h> won't work as designed"
../APP/main.c:10: warning: return type of 'main' is not 'int'
../APP/main.c: In function 'main':
../APP/main.c:33: warning: implicit declaration of function 'USART_voidRecievedata'
Finished building: ../APP/main.c
 
Building target: USART_Laptop_Communication.elf
Invoking: AVR C Linker
avr-gcc -Wl,-Map,USART_Laptop_Communication.map -mmcu=atmega32 -o "USART_Laptop_Communication.elf"  ./MCAL/USART/USART_program.o  ./MCAL/GIE/GIE_program.o  ./MCAL/EXTI/EXTI_program.o  ./MCAL/DIO/DIO_program.o  ./HAL/LCD/LCD_program.o  ./HAL/KPD/KPD_program.o  ./APP/main.o   
./APP/main.o: In function `main':
../APP/main.c:33: undefined reference to `USART_voidRecievedata'
make: *** [USART_Laptop_Communication.elf] Error 1
22:32:17 **** Incremental Build of configuration Debug for project aaaaaaaaaaaaaaaaaaaaaaaaaaaaaaaaaaaaaaaaa ****
make all 
Invoking: Print Size
avr-size --format=avr --mcu=atmega32 aaaaaaaaaaaaaaaaaaaaaaaaaaaaaaaaaaaaaaaaa.elf
AVR Memory Usage
----------------
Device: atmega32

Program:    4288 bytes (13.1% Full)
(.text + .data + .bootloader)

Data:         10 bytes (0.5% Full)
(.data + .bss + .noinit)


Finished building: sizedummy
 
22:32:34 **** Incremental Build of configuration Debug for project USART_Laptop_Communication ****
make all 
Building file: ../APP/main.c
Invoking: AVR Compiler
avr-gcc -Wall -g2 -gstabs -O0 -fpack-struct -fshort-enums -ffunction-sections -fdata-sections -std=gnu99 -funsigned-char -funsigned-bitfields -mmcu=atmega32 -DF_CPU=8000000UL -MMD -MP -MF"APP/main.d" -MT"APP/main.o" -c -o "APP/main.o" "../APP/main.c"
In file included from ../APP/main.c:9:
d:/embedded systems/imt/imt_arm_data/02- tools/03- imt sdk/imt_sdk_win_64/imt_sdk_win_64/winavr/lib/gcc/../../avr/include/util/delay.h:90:3: warning: #warning "Compiler optimizations disabled; functions from <util/delay.h> won't work as designed"
../APP/main.c:10: warning: return type of 'main' is not 'int'
../APP/main.c: In function 'main':
../APP/main.c:33: warning: passing argument 1 of 'USART_u8ReceiveData' discards qualifiers from pointer target type
Finished building: ../APP/main.c
 
Building target: USART_Laptop_Communication.elf
Invoking: AVR C Linker
avr-gcc -Wl,-Map,USART_Laptop_Communication.map -mmcu=atmega32 -o "USART_Laptop_Communication.elf"  ./MCAL/USART/USART_program.o  ./MCAL/GIE/GIE_program.o  ./MCAL/EXTI/EXTI_program.o  ./MCAL/DIO/DIO_program.o  ./HAL/LCD/LCD_program.o  ./HAL/KPD/KPD_program.o  ./APP/main.o   
Finished building target: USART_Laptop_Communication.elf
 
Invoking: AVR Create Extended Listing
avr-objdump -h -S USART_Laptop_Communication.elf  >"USART_Laptop_Communication.lss"
Finished building: USART_Laptop_Communication.lss
 
Create Flash image (ihex format)
avr-objcopy -R .eeprom -R .fuse -R .lock -R .signature -O ihex USART_Laptop_Communication.elf  "USART_Laptop_Communication.hex"
Finished building: USART_Laptop_Communication.hex
 
Invoking: Print Size
avr-size --format=avr --mcu=atmega32 USART_Laptop_Communication.elf
AVR Memory Usage
----------------
Device: atmega32

Program:    8806 bytes (26.9% Full)
(.text + .data + .bootloader)

Data:         26 bytes (1.3% Full)
(.data + .bss + .noinit)


Finished building: sizedummy
 
22:32:35 **** Incremental Build of configuration Debug for project aaaaaaaaaaaaaaaaaaaaaaaaaaaaaaaaaaaaaaaaa ****
make all 
Invoking: Print Size
avr-size --format=avr --mcu=atmega32 aaaaaaaaaaaaaaaaaaaaaaaaaaaaaaaaaaaaaaaaa.elf
AVR Memory Usage
----------------
Device: atmega32

Program:    4288 bytes (13.1% Full)
(.text + .data + .bootloader)

Data:         10 bytes (0.5% Full)
(.data + .bss + .noinit)


Finished building: sizedummy
 
22:32:37 **** Incremental Build of configuration Debug for project USART_Laptop_Communication ****
make all 
Invoking: Print Size
avr-size --format=avr --mcu=atmega32 USART_Laptop_Communication.elf
AVR Memory Usage
----------------
Device: atmega32

Program:    8806 bytes (26.9% Full)
(.text + .data + .bootloader)

Data:         26 bytes (1.3% Full)
(.data + .bss + .noinit)


Finished building: sizedummy
 
22:32:38 **** Incremental Build of configuration Debug for project aaaaaaaaaaaaaaaaaaaaaaaaaaaaaaaaaaaaaaaaa ****
make all 
Invoking: Print Size
avr-size --format=avr --mcu=atmega32 aaaaaaaaaaaaaaaaaaaaaaaaaaaaaaaaaaaaaaaaa.elf
AVR Memory Usage
----------------
Device: atmega32

Program:    4288 bytes (13.1% Full)
(.text + .data + .bootloader)

Data:         10 bytes (0.5% Full)
(.data + .bss + .noinit)


Finished building: sizedummy
 
22:33:58 **** Incremental Build of configuration Debug for project USART_Laptop_Communication ****
make all 
Building file: ../APP/main.c
Invoking: AVR Compiler
avr-gcc -Wall -g2 -gstabs -O0 -fpack-struct -fshort-enums -ffunction-sections -fdata-sections -std=gnu99 -funsigned-char -funsigned-bitfields -mmcu=atmega32 -DF_CPU=8000000UL -MMD -MP -MF"APP/main.d" -MT"APP/main.o" -c -o "APP/main.o" "../APP/main.c"
In file included from ../APP/main.c:9:
d:/embedded systems/imt/imt_arm_data/02- tools/03- imt sdk/imt_sdk_win_64/imt_sdk_win_64/winavr/lib/gcc/../../avr/include/util/delay.h:90:3: warning: #warning "Compiler optimizations disabled; functions from <util/delay.h> won't work as designed"
../APP/main.c:10: warning: return type of 'main' is not 'int'
../APP/main.c: In function 'main':
../APP/main.c:33: warning: passing argument 1 of 'USART_u8ReceiveData' discards qualifiers from pointer target type
Finished building: ../APP/main.c
 
Building target: USART_Laptop_Communication.elf
Invoking: AVR C Linker
avr-gcc -Wl,-Map,USART_Laptop_Communication.map -mmcu=atmega32 -o "USART_Laptop_Communication.elf"  ./MCAL/USART/USART_program.o  ./MCAL/GIE/GIE_program.o  ./MCAL/EXTI/EXTI_program.o  ./MCAL/DIO/DIO_program.o  ./HAL/LCD/LCD_program.o  ./HAL/KPD/KPD_program.o  ./APP/main.o   
Finished building target: USART_Laptop_Communication.elf
 
Invoking: AVR Create Extended Listing
avr-objdump -h -S USART_Laptop_Communication.elf  >"USART_Laptop_Communication.lss"
Finished building: USART_Laptop_Communication.lss
 
Create Flash image (ihex format)
avr-objcopy -R .eeprom -R .fuse -R .lock -R .signature -O ihex USART_Laptop_Communication.elf  "USART_Laptop_Communication.hex"
Finished building: USART_Laptop_Communication.hex
 
Invoking: Print Size
avr-size --format=avr --mcu=atmega32 USART_Laptop_Communication.elf
AVR Memory Usage
----------------
Device: atmega32

Program:    8796 bytes (26.8% Full)
(.text + .data + .bootloader)

Data:         26 bytes (1.3% Full)
(.data + .bss + .noinit)


Finished building: sizedummy
 
22:34:00 **** Incremental Build of configuration Debug for project aaaaaaaaaaaaaaaaaaaaaaaaaaaaaaaaaaaaaaaaa ****
make all 
Invoking: Print Size
avr-size --format=avr --mcu=atmega32 aaaaaaaaaaaaaaaaaaaaaaaaaaaaaaaaaaaaaaaaa.elf
AVR Memory Usage
----------------
Device: atmega32

Program:    4288 bytes (13.1% Full)
(.text + .data + .bootloader)

Data:         10 bytes (0.5% Full)
(.data + .bss + .noinit)


Finished building: sizedummy
 
22:35:23 **** Incremental Build of configuration Debug for project USART_Laptop_Communication ****
make all 
Building file: ../MCAL/USART/USART_program.c
Invoking: AVR Compiler
avr-gcc -Wall -g2 -gstabs -O0 -fpack-struct -fshort-enums -ffunction-sections -fdata-sections -std=gnu99 -funsigned-char -funsigned-bitfields -mmcu=atmega32 -DF_CPU=8000000UL -MMD -MP -MF"MCAL/USART/USART_program.d" -MT"MCAL/USART/USART_program.o" -c -o "MCAL/USART/USART_program.o" "../MCAL/USART/USART_program.c"
Finished building: ../MCAL/USART/USART_program.c
 
Building target: USART_Laptop_Communication.elf
Invoking: AVR C Linker
avr-gcc -Wl,-Map,USART_Laptop_Communication.map -mmcu=atmega32 -o "USART_Laptop_Communication.elf"  ./MCAL/USART/USART_program.o  ./MCAL/GIE/GIE_program.o  ./MCAL/EXTI/EXTI_program.o  ./MCAL/DIO/DIO_program.o  ./HAL/LCD/LCD_program.o  ./HAL/KPD/KPD_program.o  ./APP/main.o   
Finished building target: USART_Laptop_Communication.elf
 
Invoking: AVR Create Extended Listing
avr-objdump -h -S USART_Laptop_Communication.elf  >"USART_Laptop_Communication.lss"
Finished building: USART_Laptop_Communication.lss
 
Create Flash image (ihex format)
avr-objcopy -R .eeprom -R .fuse -R .lock -R .signature -O ihex USART_Laptop_Communication.elf  "USART_Laptop_Communication.hex"
Finished building: USART_Laptop_Communication.hex
 
Invoking: Print Size
avr-size --format=avr --mcu=atmega32 USART_Laptop_Communication.elf
AVR Memory Usage
----------------
Device: atmega32

Program:    8866 bytes (27.1% Full)
(.text + .data + .bootloader)

Data:         26 bytes (1.3% Full)
(.data + .bss + .noinit)


Finished building: sizedummy
 
22:35:25 **** Incremental Build of configuration Debug for project aaaaaaaaaaaaaaaaaaaaaaaaaaaaaaaaaaaaaaaaa ****
make all 
Invoking: Print Size
avr-size --format=avr --mcu=atmega32 aaaaaaaaaaaaaaaaaaaaaaaaaaaaaaaaaaaaaaaaa.elf
AVR Memory Usage
----------------
Device: atmega32

Program:    4288 bytes (13.1% Full)
(.text + .data + .bootloader)

Data:         10 bytes (0.5% Full)
(.data + .bss + .noinit)


Finished building: sizedummy
 
22:36:42 **** Incremental Build of configuration Debug for project USART_Laptop_Communication ****
make all 
Building file: ../MCAL/USART/USART_program.c
Invoking: AVR Compiler
avr-gcc -Wall -g2 -gstabs -O0 -fpack-struct -fshort-enums -ffunction-sections -fdata-sections -std=gnu99 -funsigned-char -funsigned-bitfields -mmcu=atmega32 -DF_CPU=8000000UL -MMD -MP -MF"MCAL/USART/USART_program.d" -MT"MCAL/USART/USART_program.o" -c -o "MCAL/USART/USART_program.o" "../MCAL/USART/USART_program.c"
Finished building: ../MCAL/USART/USART_program.c
 
Building file: ../APP/main.c
Invoking: AVR Compiler
avr-gcc -Wall -g2 -gstabs -O0 -fpack-struct -fshort-enums -ffunction-sections -fdata-sections -std=gnu99 -funsigned-char -funsigned-bitfields -mmcu=atmega32 -DF_CPU=8000000UL -MMD -MP -MF"APP/main.d" -MT"APP/main.o" -c -o "APP/main.o" "../APP/main.c"
In file included from ../APP/main.c:9:
d:/embedded systems/imt/imt_arm_data/02- tools/03- imt sdk/imt_sdk_win_64/imt_sdk_win_64/winavr/lib/gcc/../../avr/include/util/delay.h:90:3: warning: #warning "Compiler optimizations disabled; functions from <util/delay.h> won't work as designed"
../APP/main.c:10: warning: return type of 'main' is not 'int'
../APP/main.c: In function 'main':
../APP/main.c:27: warning: passing argument 1 of 'USART_u8ReceiveData' discards qualifiers from pointer target type
Finished building: ../APP/main.c
 
Building target: USART_Laptop_Communication.elf
Invoking: AVR C Linker
avr-gcc -Wl,-Map,USART_Laptop_Communication.map -mmcu=atmega32 -o "USART_Laptop_Communication.elf"  ./MCAL/USART/USART_program.o  ./MCAL/GIE/GIE_program.o  ./MCAL/EXTI/EXTI_program.o  ./MCAL/DIO/DIO_program.o  ./HAL/LCD/LCD_program.o  ./HAL/KPD/KPD_program.o  ./APP/main.o   
Finished building target: USART_Laptop_Communication.elf
 
Invoking: AVR Create Extended Listing
avr-objdump -h -S USART_Laptop_Communication.elf  >"USART_Laptop_Communication.lss"
Finished building: USART_Laptop_Communication.lss
 
Create Flash image (ihex format)
avr-objcopy -R .eeprom -R .fuse -R .lock -R .signature -O ihex USART_Laptop_Communication.elf  "USART_Laptop_Communication.hex"
Finished building: USART_Laptop_Communication.hex
 
Invoking: Print Size
avr-size --format=avr --mcu=atmega32 USART_Laptop_Communication.elf
AVR Memory Usage
----------------
Device: atmega32

Program:    8648 bytes (26.4% Full)
(.text + .data + .bootloader)

Data:         26 bytes (1.3% Full)
(.data + .bss + .noinit)


Finished building: sizedummy
 
